{"contracts/Counter.sol":{"l":{"8":21,"12":1},"path":"/Users/diegograsso/dev/rif-scheduler-contracts-poc/contracts/Counter.sol","s":{"1":21,"2":1},"b":{},"f":{"1":21,"2":1},"fnMap":{"1":{"name":"inc","line":7,"loc":{"start":{"line":7,"column":2},"end":{"line":9,"column":2}}},"2":{"name":"fail","line":11,"loc":{"start":{"line":11,"column":2},"end":{"line":13,"column":2}}}},"statementMap":{"1":{"start":{"line":8,"column":4},"end":{"line":8,"column":21}},"2":{"start":{"line":12,"column":4},"end":{"line":12,"column":17}}},"branchMap":{}},"contracts/Imports.sol":{"l":{},"path":"/Users/diegograsso/dev/rif-scheduler-contracts-poc/contracts/Imports.sol","s":{},"b":{},"f":{},"fnMap":{},"statementMap":{},"branchMap":{}},"contracts/OneShotSchedule.sol":{"l":{"33":16,"34":16,"35":16,"36":16,"37":16,"38":16,"39":16,"43":18,"47":14,"48":14,"52":14,"53":12,"57":4,"58":4,"59":4,"60":2,"61":2,"65":6,"69":9,"70":9,"74":0,"78":11,"79":9,"80":9,"81":9,"85":7,"86":7,"90":11,"92":11,"97":9,"98":7,"104":5,"111":5,"119":5},"path":"/Users/diegograsso/dev/rif-scheduler-contracts-poc/contracts/OneShotSchedule.sol","s":{"1":16,"2":16,"3":16,"4":16,"5":16,"6":16,"7":16,"8":18,"9":14,"10":14,"11":14,"12":12,"13":4,"14":4,"15":4,"16":2,"17":2,"18":6,"19":9,"20":9,"21":0,"22":11,"23":9,"24":9,"25":9,"26":7,"27":7,"28":11,"29":11,"30":9,"31":7,"32":5,"33":5,"34":5},"b":{"1":[16,0],"2":[16,0],"3":[12,2],"4":[4,0],"5":[2,2],"6":[9,0],"7":[9,2],"8":[9,2],"9":[7,2],"10":[5,2]},"f":{"1":16,"2":18,"3":14,"4":14,"5":4,"6":6,"7":9,"8":0,"9":11,"10":7,"11":11},"fnMap":{"1":{"name":"constructor","line":32,"loc":{"start":{"line":32,"column":2},"end":{"line":40,"column":2}}},"2":{"name":"_totalPrice","line":42,"loc":{"start":{"line":42,"column":2},"end":{"line":44,"column":2}}},"3":{"name":"doPurchase","line":46,"loc":{"start":{"line":46,"column":2},"end":{"line":49,"column":2}}},"4":{"name":"purchase","line":51,"loc":{"start":{"line":51,"column":2},"end":{"line":54,"column":2}}},"5":{"name":"tokenFallback","line":56,"loc":{"start":{"line":56,"column":2},"end":{"line":62,"column":2}}},"6":{"name":"getRemainingSchedulings","line":64,"loc":{"start":{"line":64,"column":2},"end":{"line":66,"column":2}}},"7":{"name":"_spend","line":68,"loc":{"start":{"line":68,"column":2},"end":{"line":71,"column":2}}},"8":{"name":"_refund","line":73,"loc":{"start":{"line":73,"column":2},"end":{"line":75,"column":2}}},"9":{"name":"schedule","line":77,"loc":{"start":{"line":77,"column":2},"end":{"line":82,"column":2}}},"10":{"name":"getSchedule","line":84,"loc":{"start":{"line":84,"column":2},"end":{"line":87,"column":2}}},"11":{"name":"execute","line":89,"loc":{"start":{"line":89,"column":2},"end":{"line":120,"column":2}}}},"statementMap":{"1":{"start":{"line":33,"column":4},"end":{"line":33,"column":80}},"2":{"start":{"line":34,"column":4},"end":{"line":34,"column":82}},"3":{"start":{"line":35,"column":4},"end":{"line":35,"column":19}},"4":{"start":{"line":36,"column":4},"end":{"line":36,"column":20}},"5":{"start":{"line":37,"column":4},"end":{"line":37,"column":17}},"6":{"start":{"line":38,"column":4},"end":{"line":38,"column":19}},"7":{"start":{"line":39,"column":4},"end":{"line":39,"column":37}},"8":{"start":{"line":43,"column":4},"end":{"line":43,"column":28}},"9":{"start":{"line":47,"column":8},"end":{"line":47,"column":84}},"10":{"start":{"line":48,"column":8},"end":{"line":48,"column":57}},"11":{"start":{"line":52,"column":4},"end":{"line":52,"column":100}},"12":{"start":{"line":53,"column":4},"end":{"line":53,"column":33}},"13":{"start":{"line":57,"column":4},"end":{"line":57,"column":62}},"14":{"start":{"line":58,"column":4},"end":{"line":58,"column":52}},"15":{"start":{"line":59,"column":4},"end":{"line":59,"column":102}},"16":{"start":{"line":60,"column":4},"end":{"line":60,"column":37}},"17":{"start":{"line":61,"column":4},"end":{"line":61,"column":15}},"18":{"start":{"line":65,"column":4},"end":{"line":65,"column":42}},"19":{"start":{"line":69,"column":4},"end":{"line":69,"column":71}},"20":{"start":{"line":70,"column":4},"end":{"line":70,"column":75}},"21":{"start":{"line":74,"column":4},"end":{"line":74,"column":75}},"22":{"start":{"line":78,"column":4},"end":{"line":78,"column":78}},"23":{"start":{"line":79,"column":4},"end":{"line":79,"column":21}},"24":{"start":{"line":80,"column":4},"end":{"line":80,"column":105}},"25":{"start":{"line":81,"column":4},"end":{"line":81,"column":116}},"26":{"start":{"line":85,"column":4},"end":{"line":85,"column":73}},"27":{"start":{"line":86,"column":4},"end":{"line":86,"column":172}},"28":{"start":{"line":90,"column":4},"end":{"line":90,"column":74}},"29":{"start":{"line":92,"column":4},"end":{"line":92,"column":57}},"30":{"start":{"line":97,"column":4},"end":{"line":97,"column":79}},"31":{"start":{"line":98,"column":4},"end":{"line":98,"column":80}},"32":{"start":{"line":104,"column":4},"end":{"line":104,"column":34}},"33":{"start":{"line":111,"column":4},"end":{"line":111,"column":142}},"34":{"start":{"line":119,"column":4},"end":{"line":119,"column":56}}},"branchMap":{"1":{"line":33,"type":"if","locations":[{"start":{"line":33,"column":4},"end":{"line":33,"column":4}},{"start":{"line":33,"column":4},"end":{"line":33,"column":4}}]},"2":{"line":34,"type":"if","locations":[{"start":{"line":34,"column":4},"end":{"line":34,"column":4}},{"start":{"line":34,"column":4},"end":{"line":34,"column":4}}]},"3":{"line":52,"type":"if","locations":[{"start":{"line":52,"column":4},"end":{"line":52,"column":4}},{"start":{"line":52,"column":4},"end":{"line":52,"column":4}}]},"4":{"line":57,"type":"if","locations":[{"start":{"line":57,"column":4},"end":{"line":57,"column":4}},{"start":{"line":57,"column":4},"end":{"line":57,"column":4}}]},"5":{"line":59,"type":"if","locations":[{"start":{"line":59,"column":4},"end":{"line":59,"column":4}},{"start":{"line":59,"column":4},"end":{"line":59,"column":4}}]},"6":{"line":69,"type":"if","locations":[{"start":{"line":69,"column":4},"end":{"line":69,"column":4}},{"start":{"line":69,"column":4},"end":{"line":69,"column":4}}]},"7":{"line":78,"type":"if","locations":[{"start":{"line":78,"column":4},"end":{"line":78,"column":4}},{"start":{"line":78,"column":4},"end":{"line":78,"column":4}}]},"8":{"line":92,"type":"if","locations":[{"start":{"line":92,"column":4},"end":{"line":92,"column":4}},{"start":{"line":92,"column":4},"end":{"line":92,"column":4}}]},"9":{"line":97,"type":"if","locations":[{"start":{"line":97,"column":4},"end":{"line":97,"column":4}},{"start":{"line":97,"column":4},"end":{"line":97,"column":4}}]},"10":{"line":98,"type":"if","locations":[{"start":{"line":98,"column":4},"end":{"line":98,"column":4}},{"start":{"line":98,"column":4},"end":{"line":98,"column":4}}]}}}}